2026-02-28T11:00:49.838909+00:00 INFO 'ansible_navigator.setup_logger' New ansible-navigator instance, logging initialized
2026-02-28T11:00:49.839216+00:00 INFO 'ansible_navigator.setup_logger' New ansible-runner instance, logging initialized
2026-02-28T11:00:49.839288+00:00 DEBUG 'ansible_navigator.main' MarkupSafe==2.1.3 
2026-02-28T11:00:49.839326+00:00 DEBUG 'ansible_navigator.main' Parsley==1.3 
2026-02-28T11:00:49.839351+00:00 DEBUG 'ansible_navigator.main' PyYAML==6.0.1 
2026-02-28T11:00:49.839374+00:00 DEBUG 'ansible_navigator.main' ansible-builder==3.1.1 
2026-02-28T11:00:49.839395+00:00 DEBUG 'ansible_navigator.main' ansible-compat==25.12.1 
2026-02-28T11:00:49.839413+00:00 DEBUG 'ansible_navigator.main' ansible-core==2.20.3 
2026-02-28T11:00:49.839445+00:00 DEBUG 'ansible_navigator.main' ansible-lint==26.2.0 
2026-02-28T11:00:49.839463+00:00 DEBUG 'ansible_navigator.main' ansible-navigator==26.1.3 
2026-02-28T11:00:49.839481+00:00 DEBUG 'ansible_navigator.main' ansible-runner==2.4.2 
2026-02-28T11:00:49.839499+00:00 DEBUG 'ansible_navigator.main' bindep==2.13.0 /home/ec2-user/.local/lib/python3.12/site-packages/bindep/__init__.py
2026-02-28T11:00:49.839519+00:00 DEBUG 'ansible_navigator.main' black==26.1.0 /home/ec2-user/.local/lib/python3.12/site-packages/black/__init__.cpython-312-x86_64-linux-gnu.so
2026-02-28T11:00:49.839537+00:00 DEBUG 'ansible_navigator.main' bracex==2.6 /home/ec2-user/.local/lib/python3.12/site-packages/bracex/__init__.py
2026-02-28T11:00:49.839555+00:00 DEBUG 'ansible_navigator.main' cffi==2.0.0 /home/ec2-user/.local/lib/python3.12/site-packages/cffi/__init__.py
2026-02-28T11:00:49.839572+00:00 DEBUG 'ansible_navigator.main' charset-normalizer==3.4.2 
2026-02-28T11:00:49.839589+00:00 DEBUG 'ansible_navigator.main' click==8.3.1 /home/ec2-user/.local/lib/python3.12/site-packages/click/__init__.py
2026-02-28T11:00:49.839606+00:00 DEBUG 'ansible_navigator.main' cloud-init==24.4 
2026-02-28T11:00:49.839623+00:00 DEBUG 'ansible_navigator.main' configobj==5.0.8 /usr/lib/python3.12/site-packages/configobj/__init__.py
2026-02-28T11:00:49.839640+00:00 DEBUG 'ansible_navigator.main' cryptography==46.0.5 /home/ec2-user/.local/lib/python3.12/site-packages/cryptography/__init__.py
2026-02-28T11:00:49.839657+00:00 DEBUG 'ansible_navigator.main' dbus-python==1.3.2 
2026-02-28T11:00:49.839674+00:00 DEBUG 'ansible_navigator.main' decorator==5.1.1 /usr/lib/python3.12/site-packages/decorator.py
2026-02-28T11:00:49.839691+00:00 DEBUG 'ansible_navigator.main' distro==1.9.0 /usr/lib/python3.12/site-packages/distro/__init__.py
2026-02-28T11:00:49.839708+00:00 DEBUG 'ansible_navigator.main' file-magic==0.4.0 
2026-02-28T11:00:49.839725+00:00 DEBUG 'ansible_navigator.main' filelock==3.24.3 /home/ec2-user/.local/lib/python3.12/site-packages/filelock/__init__.py
2026-02-28T11:00:49.839741+00:00 DEBUG 'ansible_navigator.main' iniparse==0.5 /usr/lib/python3.12/site-packages/iniparse/__init__.py
2026-02-28T11:00:49.839759+00:00 DEBUG 'ansible_navigator.main' jsonpatch==1.33 /usr/lib/python3.12/site-packages/jsonpatch.py
2026-02-28T11:00:49.839776+00:00 DEBUG 'ansible_navigator.main' jsonpointer==2.3 /usr/lib/python3.12/site-packages/jsonpointer.py
2026-02-28T11:00:49.839793+00:00 DEBUG 'ansible_navigator.main' libcomps==0.1.21 /usr/lib64/python3.12/site-packages/libcomps/__init__.py
2026-02-28T11:00:49.839810+00:00 DEBUG 'ansible_navigator.main' lockfile==0.12.2 /home/ec2-user/.local/lib/python3.12/site-packages/lockfile/__init__.py
2026-02-28T11:00:49.839826+00:00 DEBUG 'ansible_navigator.main' mypy_extensions==1.1.0 /home/ec2-user/.local/lib/python3.12/site-packages/mypy_extensions.py
2026-02-28T11:00:49.839843+00:00 DEBUG 'ansible_navigator.main' oauthlib==3.2.2 /usr/lib/python3.12/site-packages/oauthlib/__init__.py
2026-02-28T11:00:49.839860+00:00 DEBUG 'ansible_navigator.main' onigurumacffi==1.5.0 /home/ec2-user/.local/lib/python3.12/site-packages/onigurumacffi.py
2026-02-28T11:00:49.839876+00:00 DEBUG 'ansible_navigator.main' packaging==26.0 /home/ec2-user/.local/lib/python3.12/site-packages/packaging/__init__.py
2026-02-28T11:00:49.839899+00:00 DEBUG 'ansible_navigator.main' pathspec==1.0.4 /home/ec2-user/.local/lib/python3.12/site-packages/pathspec/__init__.py
2026-02-28T11:00:49.839917+00:00 DEBUG 'ansible_navigator.main' pbr==7.0.3 /home/ec2-user/.local/lib/python3.12/site-packages/pbr/__init__.py
2026-02-28T11:00:49.839934+00:00 DEBUG 'ansible_navigator.main' perf==0.1 /usr/lib64/python3.12/site-packages/perf.cpython-312-x86_64-linux-gnu.so
2026-02-28T11:00:49.839950+00:00 DEBUG 'ansible_navigator.main' pexpect==4.9.0 /home/ec2-user/.local/lib/python3.12/site-packages/pexpect/__init__.py
2026-02-28T11:00:49.839967+00:00 DEBUG 'ansible_navigator.main' pip==23.3.2 /usr/lib/python3.12/site-packages/pip/__init__.py
2026-02-28T11:00:49.839983+00:00 DEBUG 'ansible_navigator.main' platformdirs==4.9.2 /home/ec2-user/.local/lib/python3.12/site-packages/platformdirs/__init__.py
2026-02-28T11:00:49.840000+00:00 DEBUG 'ansible_navigator.main' ptyprocess==0.7.0 /home/ec2-user/.local/lib/python3.12/site-packages/ptyprocess/__init__.py
2026-02-28T11:00:49.840017+00:00 DEBUG 'ansible_navigator.main' pycparser==3.0 /home/ec2-user/.local/lib/python3.12/site-packages/pycparser/__init__.py
2026-02-28T11:00:49.840033+00:00 DEBUG 'ansible_navigator.main' pyinotify==0.9.6 /usr/lib/python3.12/site-packages/pyinotify.py
2026-02-28T11:00:49.840049+00:00 DEBUG 'ansible_navigator.main' pyserial==3.5 
2026-02-28T11:00:49.840066+00:00 DEBUG 'ansible_navigator.main' python-daemon==3.1.2 
2026-02-28T11:00:49.840082+00:00 DEBUG 'ansible_navigator.main' python-dateutil==2.9.0.post0 
2026-02-28T11:00:49.840099+00:00 DEBUG 'ansible_navigator.main' python-linux-procfs==0.7.3 
2026-02-28T11:00:49.840116+00:00 DEBUG 'ansible_navigator.main' pytokens==0.4.1 /home/ec2-user/.local/lib/python3.12/site-packages/pytokens/__init__.cpython-312-x86_64-linux-gnu.so
2026-02-28T11:00:49.840132+00:00 DEBUG 'ansible_navigator.main' pyudev==0.24.1 /usr/lib/python3.12/site-packages/pyudev/__init__.py
2026-02-28T11:00:49.840149+00:00 DEBUG 'ansible_navigator.main' pyynl==0.0.1 /usr/lib/python3.12/site-packages/pyynl/__init__.py
2026-02-28T11:00:49.840165+00:00 DEBUG 'ansible_navigator.main' referencing==0.37.0 /home/ec2-user/.local/lib/python3.12/site-packages/referencing/__init__.py
2026-02-28T11:00:49.840182+00:00 DEBUG 'ansible_navigator.main' requests==2.32.4 /usr/lib/python3.12/site-packages/requests/__init__.py
2026-02-28T11:00:49.840199+00:00 DEBUG 'ansible_navigator.main' resolvelib==1.2.1 /home/ec2-user/.local/lib/python3.12/site-packages/resolvelib/__init__.py
2026-02-28T11:00:49.840215+00:00 DEBUG 'ansible_navigator.main' ruamel.yaml.clib==0.2.15 
2026-02-28T11:00:49.840232+00:00 DEBUG 'ansible_navigator.main' ruamel.yaml==0.19.1 /home/ec2-user/.local/lib/python3.12/site-packages/ruamel/yaml/__init__.py
2026-02-28T11:00:49.840249+00:00 DEBUG 'ansible_navigator.main' selinux==3.9 /usr/lib64/python3.12/site-packages/selinux/__init__.py
2026-02-28T11:00:49.840285+00:00 DEBUG 'ansible_navigator.main' sepolicy==3.9 /usr/lib/python3.12/site-packages/sepolicy/__init__.py
2026-02-28T11:00:49.840317+00:00 DEBUG 'ansible_navigator.main' setools==4.5.1 /usr/lib64/python3.12/site-packages/setools/__init__.py
2026-02-28T11:00:49.840340+00:00 DEBUG 'ansible_navigator.main' setuptools==69.0.3 /usr/lib/python3.12/site-packages/setuptools/__init__.py
2026-02-28T11:00:49.840358+00:00 DEBUG 'ansible_navigator.main' six==1.16.0 /usr/lib/python3.12/site-packages/six.py
2026-02-28T11:00:49.840375+00:00 DEBUG 'ansible_navigator.main' subprocess-tee==0.4.2 
2026-02-28T11:00:49.840403+00:00 DEBUG 'ansible_navigator.main' subscription-manager==1.30.10.1 
2026-02-28T11:00:49.840421+00:00 DEBUG 'ansible_navigator.main' systemd-python==235 
2026-02-28T11:00:49.840438+00:00 DEBUG 'ansible_navigator.main' typing_extensions==4.15.0 /home/ec2-user/.local/lib/python3.12/site-packages/typing_extensions.py
2026-02-28T11:00:49.840455+00:00 DEBUG 'ansible_navigator.main' tzdata==2025.3 /home/ec2-user/.local/lib/python3.12/site-packages/tzdata/__init__.py
2026-02-28T11:00:49.840472+00:00 DEBUG 'ansible_navigator.main' urllib3==1.26.19 /usr/lib/python3.12/site-packages/urllib3/__init__.py
2026-02-28T11:00:49.840493+00:00 DEBUG 'ansible_navigator.main' wcmatch==10.1 /home/ec2-user/.local/lib/python3.12/site-packages/wcmatch/__init__.py
2026-02-28T11:00:49.840511+00:00 DEBUG 'ansible_navigator.main' yamllint==1.38.0 /home/ec2-user/.local/lib/python3.12/site-packages/yamllint/__init__.py
2026-02-28T11:00:49.840528+00:00 DEBUG 'ansible_navigator.main' Default collection_doc_cache_path set to: /home/ec2-user/.cache/ansible-navigator/collection_doc_cache.db
2026-02-28T11:00:49.840545+00:00 DEBUG 'ansible_navigator.main' EDITOR environment variable not set
2026-02-28T11:00:49.840562+00:00 DEBUG 'ansible_navigator.main' Default editor_command set to: vi +{line_number} {filename}
2026-02-28T11:00:49.840579+00:00 DEBUG 'ansible_navigator.main' No config file set by ANSIBLE_NAVIGATOR_CONFIG
2026-02-28T11:00:49.840596+00:00 DEBUG 'ansible_navigator.main' Looking in /home/ec2-user/.ansible-navigator
2026-02-28T11:00:49.840613+00:00 DEBUG 'ansible_navigator.main' Looking for '/home/ec2-user/.ansible-navigator.yml', '/home/ec2-user/.ansible-navigator.yaml' and '/home/ec2-user/.ansible-navigator.json'
2026-02-28T11:00:49.840630+00:00 DEBUG 'ansible_navigator.main' Found 0: 
2026-02-28T11:00:49.840647+00:00 DEBUG 'ansible_navigator.main' Looking in /home/ec2-user/website/ansible-navigator
2026-02-28T11:00:49.840664+00:00 DEBUG 'ansible_navigator.main' Looking for '/home/ec2-user/website/ansible-navigator.yml', '/home/ec2-user/website/ansible-navigator.yaml' and '/home/ec2-user/website/ansible-navigator.json'
2026-02-28T11:00:49.840681+00:00 DEBUG 'ansible_navigator.main' Found 1: '/home/ec2-user/website/ansible-navigator.yml'
2026-02-28T11:00:49.840698+00:00 DEBUG 'ansible_navigator.main' All found 1: '/home/ec2-user/website/ansible-navigator.yml'
2026-02-28T11:00:49.840714+00:00 DEBUG 'ansible_navigator.main' Using: /home/ec2-user/website/ansible-navigator.yml
2026-02-28T11:00:49.840731+00:00 DEBUG 'ansible_navigator.main' Using settings file at /home/ec2-user/website/ansible-navigator.yml in search path
2026-02-28T11:00:49.840748+00:00 DEBUG 'ansible_navigator.main' Command provided: 'website.yml website.yml -m stdout'
2026-02-28T11:00:49.840765+00:00 DEBUG 'ansible_navigator.main' ansible-navigator.ansible-runner.artifact-dir not found in settings file
2026-02-28T11:00:49.840781+00:00 DEBUG 'ansible_navigator.main' ansible-navigator.ansible-runner.rotate-artifacts-count not found in settings file
2026-02-28T11:00:49.840798+00:00 DEBUG 'ansible_navigator.main' ansible-navigator.ansible-runner.timeout not found in settings file
2026-02-28T11:00:49.840815+00:00 DEBUG 'ansible_navigator.main' ansible-navigator.ansible-runner.job-events not found in settings file
2026-02-28T11:00:49.840832+00:00 DEBUG 'ansible_navigator.main' ansible-navigator.app not found in settings file
2026-02-28T11:00:49.840848+00:00 DEBUG 'ansible_navigator.main' ansible-navigator.ansible.cmdline not found in settings file
2026-02-28T11:00:49.840864+00:00 DEBUG 'ansible_navigator.main' ansible-navigator.collection-doc-cache-path not found in settings file
2026-02-28T11:00:49.840881+00:00 DEBUG 'ansible_navigator.main' ansible-navigator.ansible.config.path not found in settings file
2026-02-28T11:00:49.840898+00:00 DEBUG 'ansible_navigator.main' ansible-navigator.execution-environment.container-engine not found in settings file
2026-02-28T11:00:49.840914+00:00 DEBUG 'ansible_navigator.main' ansible-navigator.execution-environment.container-options not found in settings file
2026-02-28T11:00:49.840930+00:00 DEBUG 'ansible_navigator.main' ansible-navigator.color.enable not found in settings file
2026-02-28T11:00:49.840947+00:00 DEBUG 'ansible_navigator.main' ansible-navigator.editor.command not found in settings file
2026-02-28T11:00:49.840964+00:00 DEBUG 'ansible_navigator.main' ansible-navigator.editor.console not found in settings file
2026-02-28T11:00:49.840980+00:00 DEBUG 'ansible_navigator.main' ansible-navigator.enable-prompts not found in settings file
2026-02-28T11:00:49.840996+00:00 DEBUG 'ansible_navigator.main' ansible-navigator.exec.command not found in settings file
2026-02-28T11:00:49.841014+00:00 DEBUG 'ansible_navigator.main' ansible-navigator.exec.shell not found in settings file
2026-02-28T11:00:49.841031+00:00 DEBUG 'ansible_navigator.main' ansible-navigator.execution-environment.enabled not found in settings file
2026-02-28T11:00:49.841048+00:00 DEBUG 'ansible_navigator.main' ansible-navigator.format not found in settings file
2026-02-28T11:00:49.841064+00:00 DEBUG 'ansible_navigator.main' ansible-navigator.ansible-builder.help not found in settings file
2026-02-28T11:00:49.841081+00:00 DEBUG 'ansible_navigator.main' ansible-navigator.ansible.config.help not found in settings file
2026-02-28T11:00:49.841097+00:00 DEBUG 'ansible_navigator.main' ansible-navigator.ansible.doc.help not found in settings file
2026-02-28T11:00:49.841113+00:00 DEBUG 'ansible_navigator.main' ansible-navigator.ansible.inventory.help not found in settings file
2026-02-28T11:00:49.841130+00:00 DEBUG 'ansible_navigator.main' ansible-navigator.ansible.playbook.help not found in settings file
2026-02-28T11:00:49.841146+00:00 DEBUG 'ansible_navigator.main' ansible-navigator.images.details not found in settings file
2026-02-28T11:00:49.841163+00:00 DEBUG 'ansible_navigator.main' ansible-navigator.ansible.inventory.entries not found in settings file
2026-02-28T11:00:49.841180+00:00 DEBUG 'ansible_navigator.main' ansible-navigator.inventory-columns not found in settings file
2026-02-28T11:00:49.841196+00:00 DEBUG 'ansible_navigator.main' ansible-navigator.ansible-lint.config not found in settings file
2026-02-28T11:00:49.841213+00:00 DEBUG 'ansible_navigator.main' ansible-navigator.ansible-lint.lintables not found in settings file
2026-02-28T11:00:49.841228+00:00 DEBUG 'ansible_navigator.main' ansible-navigator.logging.append not found in settings file
2026-02-28T11:00:49.841245+00:00 DEBUG 'ansible_navigator.main' ansible-navigator.logging.file not found in settings file
2026-02-28T11:00:49.841261+00:00 DEBUG 'ansible_navigator.main' ansible-navigator.logging.level not found in settings file
2026-02-28T11:00:49.841291+00:00 DEBUG 'ansible_navigator.main' ansible-navigator.mode not found in settings file
2026-02-28T11:00:49.841308+00:00 DEBUG 'ansible_navigator.main' ansible-navigator.color.osc4 not found in settings file
2026-02-28T11:00:49.841325+00:00 DEBUG 'ansible_navigator.main' ansible-navigator.execution-environment.environment-variables.pass not found in settings file
2026-02-28T11:00:49.841341+00:00 DEBUG 'ansible_navigator.main' ansible-navigator.ansible.playbook.path not found in settings file
2026-02-28T11:00:49.841357+00:00 DEBUG 'ansible_navigator.main' ansible-navigator.playbook-artifact.replay not found in settings file
2026-02-28T11:00:49.841373+00:00 DEBUG 'ansible_navigator.main' ansible-navigator.playbook-artifact.save-as not found in settings file
2026-02-28T11:00:49.841389+00:00 DEBUG 'ansible_navigator.main' ansible-navigator.ansible.doc.plugin.name not found in settings file
2026-02-28T11:00:49.841406+00:00 DEBUG 'ansible_navigator.main' ansible-navigator.ansible.doc.plugin.type not found in settings file
2026-02-28T11:00:49.841423+00:00 DEBUG 'ansible_navigator.main' ansible-navigator.execution-environment.pull.arguments not found in settings file
2026-02-28T11:00:49.841440+00:00 DEBUG 'ansible_navigator.main' ansible-navigator.execution-environment.environment-variables.set not found in settings file
2026-02-28T11:00:49.841456+00:00 DEBUG 'ansible_navigator.main' ansible-navigator.settings.effective not found in settings file
2026-02-28T11:00:49.841473+00:00 DEBUG 'ansible_navigator.main' ansible-navigator.settings.sample not found in settings file
2026-02-28T11:00:49.841489+00:00 DEBUG 'ansible_navigator.main' ansible-navigator.settings.schema not found in settings file
2026-02-28T11:00:49.841505+00:00 DEBUG 'ansible_navigator.main' ansible-navigator.settings.sources not found in settings file
2026-02-28T11:00:49.841521+00:00 DEBUG 'ansible_navigator.main' ansible-navigator.time-zone not found in settings file
2026-02-28T11:00:49.841540+00:00 DEBUG 'ansible_navigator.main' ansible-navigator.ansible-builder.workdir not found in settings file
2026-02-28T11:00:49.841560+00:00 WARNING 'ansible_navigator.main' Configuration errors encountered, rolling back to previous configuration.
2026-02-28T11:00:49.841578+00:00 DEBUG 'ansible_navigator.main' Prior to rollback: ansible_runner_artifact_dir = 'Not set' (Constants/Not set)
2026-02-28T11:00:49.841594+00:00 DEBUG 'ansible_navigator.main' Prior to rollback: ansible_runner_rotate_artifacts_count = 'Not set' (Constants/Not set)
2026-02-28T11:00:49.841610+00:00 DEBUG 'ansible_navigator.main' Prior to rollback: ansible_runner_timeout = 'Not set' (Constants/Not set)
2026-02-28T11:00:49.841627+00:00 DEBUG 'ansible_navigator.main' Prior to rollback: ansible_runner_write_job_events = 'False' (bool/Defaults)
2026-02-28T11:00:49.841642+00:00 DEBUG 'ansible_navigator.main' Prior to rollback: app = 'welcome' (str/Defaults)
2026-02-28T11:00:49.841659+00:00 DEBUG 'ansible_navigator.main' Prior to rollback: cmdline = '['website.yml', 'website.yml', '-m', 'stdout']' (list/Command line)
2026-02-28T11:00:49.841676+00:00 DEBUG 'ansible_navigator.main' Prior to rollback: collection_doc_cache_path = '/home/ec2-user/.cache/ansible-navigator/collection_doc_cache.db' (str/Defaults)
2026-02-28T11:00:49.841692+00:00 DEBUG 'ansible_navigator.main' Prior to rollback: config = 'Not set' (Constants/Not set)
2026-02-28T11:00:49.841708+00:00 DEBUG 'ansible_navigator.main' Prior to rollback: container_engine = 'auto' (str/Defaults)
2026-02-28T11:00:49.841724+00:00 DEBUG 'ansible_navigator.main' Prior to rollback: container_options = 'Not set' (Constants/Not set)
2026-02-28T11:00:49.841741+00:00 DEBUG 'ansible_navigator.main' Prior to rollback: display_color = 'True' (bool/Defaults)
2026-02-28T11:00:49.841757+00:00 DEBUG 'ansible_navigator.main' Prior to rollback: editor_command = 'vi +{line_number} {filename}' (str/Defaults)
2026-02-28T11:00:49.841773+00:00 DEBUG 'ansible_navigator.main' Prior to rollback: editor_console = 'True' (bool/Defaults)
2026-02-28T11:00:49.841789+00:00 DEBUG 'ansible_navigator.main' Prior to rollback: enable_prompts = 'False' (bool/Defaults)
2026-02-28T11:00:49.841805+00:00 DEBUG 'ansible_navigator.main' Prior to rollback: exec_command = '/bin/bash' (str/Defaults)
2026-02-28T11:00:49.841821+00:00 DEBUG 'ansible_navigator.main' Prior to rollback: exec_shell = 'True' (bool/Defaults)
2026-02-28T11:00:49.841837+00:00 DEBUG 'ansible_navigator.main' Prior to rollback: execution_environment = 'True' (bool/Defaults)
2026-02-28T11:00:49.841853+00:00 DEBUG 'ansible_navigator.main' Prior to rollback: execution_environment_image = 'registry.redhat.io/ansible-automation-platform-24/ee-minimal-rhel8:latest' (str/Settings file)
2026-02-28T11:00:49.841870+00:00 DEBUG 'ansible_navigator.main' Prior to rollback: execution_environment_volume_mounts = '[{'src': '/home/ec2-user/ansible-aws-cockpit/', 'dest': '/home/runner/ansible-aws-cockpit/'}]' (list/Settings file)
2026-02-28T11:00:49.841887+00:00 DEBUG 'ansible_navigator.main' Prior to rollback: format = 'yaml' (str/Defaults)
2026-02-28T11:00:49.841902+00:00 DEBUG 'ansible_navigator.main' Prior to rollback: help_builder = 'False' (bool/Defaults)
2026-02-28T11:00:49.841918+00:00 DEBUG 'ansible_navigator.main' Prior to rollback: help_config = 'False' (bool/Defaults)
2026-02-28T11:00:49.841934+00:00 DEBUG 'ansible_navigator.main' Prior to rollback: help_doc = 'False' (bool/Defaults)
2026-02-28T11:00:49.841950+00:00 DEBUG 'ansible_navigator.main' Prior to rollback: help_inventory = 'False' (bool/Defaults)
2026-02-28T11:00:49.841966+00:00 DEBUG 'ansible_navigator.main' Prior to rollback: help_playbook = 'False' (bool/Defaults)
2026-02-28T11:00:49.841982+00:00 DEBUG 'ansible_navigator.main' Prior to rollback: images_details = '['everything']' (list/Defaults)
2026-02-28T11:00:49.841999+00:00 DEBUG 'ansible_navigator.main' Prior to rollback: inventory = 'Not set' (Constants/Not set)
2026-02-28T11:00:49.842015+00:00 DEBUG 'ansible_navigator.main' Prior to rollback: inventory_column = 'Not set' (Constants/Not set)
2026-02-28T11:00:49.842034+00:00 DEBUG 'ansible_navigator.main' Prior to rollback: lint_config = 'Not set' (Constants/Not set)
2026-02-28T11:00:49.842051+00:00 DEBUG 'ansible_navigator.main' Prior to rollback: lintables = 'Not set' (Constants/Not set)
2026-02-28T11:00:49.842067+00:00 DEBUG 'ansible_navigator.main' Prior to rollback: log_append = 'True' (bool/Defaults)
2026-02-28T11:00:49.842084+00:00 DEBUG 'ansible_navigator.main' Prior to rollback: log_file = '/home/ec2-user/website/ansible-navigator.log' (str/Defaults)
2026-02-28T11:00:49.842100+00:00 DEBUG 'ansible_navigator.main' Prior to rollback: log_level = 'warning' (str/Defaults)
2026-02-28T11:00:49.842116+00:00 DEBUG 'ansible_navigator.main' Prior to rollback: mode = 'interactive' (str/Defaults)
2026-02-28T11:00:49.842132+00:00 DEBUG 'ansible_navigator.main' Prior to rollback: osc4 = 'True' (bool/Defaults)
2026-02-28T11:00:49.842148+00:00 DEBUG 'ansible_navigator.main' Prior to rollback: pass_environment_variable = 'Not set' (Constants/Not set)
2026-02-28T11:00:49.842164+00:00 DEBUG 'ansible_navigator.main' Prior to rollback: playbook = 'Not set' (Constants/Not set)
2026-02-28T11:00:49.842180+00:00 DEBUG 'ansible_navigator.main' Prior to rollback: playbook_artifact_enable = 'False' (bool/Settings file)
2026-02-28T11:00:49.842197+00:00 DEBUG 'ansible_navigator.main' Prior to rollback: playbook_artifact_replay = 'Not set' (Constants/Not set)
2026-02-28T11:00:49.842213+00:00 DEBUG 'ansible_navigator.main' Prior to rollback: playbook_artifact_save_as = '{playbook_dir}/{playbook_name}-artifact-{time_stamp}.json' (str/Defaults)
2026-02-28T11:00:49.842230+00:00 DEBUG 'ansible_navigator.main' Prior to rollback: plugin_name = 'Not set' (Constants/Not set)
2026-02-28T11:00:49.842246+00:00 DEBUG 'ansible_navigator.main' Prior to rollback: plugin_type = 'module' (str/Defaults)
2026-02-28T11:00:49.842262+00:00 DEBUG 'ansible_navigator.main' Prior to rollback: pull_arguments = 'Not set' (Constants/Not set)
2026-02-28T11:00:49.842291+00:00 DEBUG 'ansible_navigator.main' Prior to rollback: pull_policy = 'missing' (str/Settings file)
2026-02-28T11:00:49.842308+00:00 DEBUG 'ansible_navigator.main' Prior to rollback: set_environment_variable = 'Not set' (Constants/Not set)
2026-02-28T11:00:49.842324+00:00 DEBUG 'ansible_navigator.main' Prior to rollback: settings_effective = 'False' (bool/Defaults)
2026-02-28T11:00:49.842341+00:00 DEBUG 'ansible_navigator.main' Prior to rollback: settings_sample = 'False' (bool/Defaults)
2026-02-28T11:00:49.842357+00:00 DEBUG 'ansible_navigator.main' Prior to rollback: settings_schema = 'json' (str/Defaults)
2026-02-28T11:00:49.842373+00:00 DEBUG 'ansible_navigator.main' Prior to rollback: settings_sources = 'False' (bool/Defaults)
2026-02-28T11:00:49.842389+00:00 DEBUG 'ansible_navigator.main' Prior to rollback: time_zone = 'UTC' (str/Defaults)
2026-02-28T11:00:49.842405+00:00 DEBUG 'ansible_navigator.main' Prior to rollback: workdir = '/home/ec2-user/website' (str/Defaults)
2026-02-28T11:00:49.842422+00:00 DEBUG 'ansible_navigator.main' After rollback: ansible_runner_artifact_dir = 'Not set' (Constants/Not set)
2026-02-28T11:00:49.842438+00:00 DEBUG 'ansible_navigator.main' After rollback: ansible_runner_rotate_artifacts_count = 'Not set' (Constants/Not set)
2026-02-28T11:00:49.842454+00:00 DEBUG 'ansible_navigator.main' After rollback: ansible_runner_timeout = 'Not set' (Constants/Not set)
2026-02-28T11:00:49.842470+00:00 DEBUG 'ansible_navigator.main' After rollback: ansible_runner_write_job_events = 'Not set' (Constants/Not set)
2026-02-28T11:00:49.842487+00:00 DEBUG 'ansible_navigator.main' After rollback: app = 'Not set' (Constants/Not set)
2026-02-28T11:00:49.842503+00:00 DEBUG 'ansible_navigator.main' After rollback: cmdline = 'Not set' (Constants/Not set)
2026-02-28T11:00:49.842519+00:00 DEBUG 'ansible_navigator.main' After rollback: collection_doc_cache_path = 'Not set' (Constants/Not set)
2026-02-28T11:00:49.842535+00:00 DEBUG 'ansible_navigator.main' After rollback: config = 'Not set' (Constants/Not set)
2026-02-28T11:00:49.842554+00:00 DEBUG 'ansible_navigator.main' After rollback: container_engine = 'Not set' (Constants/Not set)
2026-02-28T11:00:49.842570+00:00 DEBUG 'ansible_navigator.main' After rollback: container_options = 'Not set' (Constants/Not set)
2026-02-28T11:00:49.842586+00:00 DEBUG 'ansible_navigator.main' After rollback: display_color = 'Not set' (Constants/Not set)
2026-02-28T11:00:49.842602+00:00 DEBUG 'ansible_navigator.main' After rollback: editor_command = 'Not set' (Constants/Not set)
2026-02-28T11:00:49.842619+00:00 DEBUG 'ansible_navigator.main' After rollback: editor_console = 'Not set' (Constants/Not set)
2026-02-28T11:00:49.842635+00:00 DEBUG 'ansible_navigator.main' After rollback: enable_prompts = 'Not set' (Constants/Not set)
2026-02-28T11:00:49.842651+00:00 DEBUG 'ansible_navigator.main' After rollback: exec_command = 'Not set' (Constants/Not set)
2026-02-28T11:00:49.842667+00:00 DEBUG 'ansible_navigator.main' After rollback: exec_shell = 'Not set' (Constants/Not set)
2026-02-28T11:00:49.842683+00:00 DEBUG 'ansible_navigator.main' After rollback: execution_environment = 'Not set' (Constants/Not set)
2026-02-28T11:00:49.842699+00:00 DEBUG 'ansible_navigator.main' After rollback: execution_environment_image = 'Not set' (Constants/Not set)
2026-02-28T11:00:49.842716+00:00 DEBUG 'ansible_navigator.main' After rollback: execution_environment_volume_mounts = 'Not set' (Constants/Not set)
2026-02-28T11:00:49.842731+00:00 DEBUG 'ansible_navigator.main' After rollback: format = 'Not set' (Constants/Not set)
2026-02-28T11:00:49.842748+00:00 DEBUG 'ansible_navigator.main' After rollback: help_builder = 'Not set' (Constants/Not set)
2026-02-28T11:00:49.842764+00:00 DEBUG 'ansible_navigator.main' After rollback: help_config = 'Not set' (Constants/Not set)
2026-02-28T11:00:49.842780+00:00 DEBUG 'ansible_navigator.main' After rollback: help_doc = 'Not set' (Constants/Not set)
2026-02-28T11:00:49.842796+00:00 DEBUG 'ansible_navigator.main' After rollback: help_inventory = 'Not set' (Constants/Not set)
2026-02-28T11:00:49.842812+00:00 DEBUG 'ansible_navigator.main' After rollback: help_playbook = 'Not set' (Constants/Not set)
2026-02-28T11:00:49.842828+00:00 DEBUG 'ansible_navigator.main' After rollback: images_details = 'Not set' (Constants/Not set)
2026-02-28T11:00:49.842844+00:00 DEBUG 'ansible_navigator.main' After rollback: inventory = 'Not set' (Constants/Not set)
2026-02-28T11:00:49.842860+00:00 DEBUG 'ansible_navigator.main' After rollback: inventory_column = 'Not set' (Constants/Not set)
2026-02-28T11:00:49.842876+00:00 DEBUG 'ansible_navigator.main' After rollback: lint_config = 'Not set' (Constants/Not set)
2026-02-28T11:00:49.842892+00:00 DEBUG 'ansible_navigator.main' After rollback: lintables = 'Not set' (Constants/Not set)
2026-02-28T11:00:49.842908+00:00 DEBUG 'ansible_navigator.main' After rollback: log_append = 'Not set' (Constants/Not set)
2026-02-28T11:00:49.842925+00:00 DEBUG 'ansible_navigator.main' After rollback: log_file = 'Not set' (Constants/Not set)
2026-02-28T11:00:49.842941+00:00 DEBUG 'ansible_navigator.main' After rollback: log_level = 'Not set' (Constants/Not set)
2026-02-28T11:00:49.842957+00:00 DEBUG 'ansible_navigator.main' After rollback: mode = 'Not set' (Constants/Not set)
2026-02-28T11:00:49.842973+00:00 DEBUG 'ansible_navigator.main' After rollback: osc4 = 'Not set' (Constants/Not set)
2026-02-28T11:00:49.842989+00:00 DEBUG 'ansible_navigator.main' After rollback: pass_environment_variable = 'Not set' (Constants/Not set)
2026-02-28T11:00:49.843005+00:00 DEBUG 'ansible_navigator.main' After rollback: playbook = 'Not set' (Constants/Not set)
2026-02-28T11:00:49.843021+00:00 DEBUG 'ansible_navigator.main' After rollback: playbook_artifact_enable = 'Not set' (Constants/Not set)
2026-02-28T11:00:49.843037+00:00 DEBUG 'ansible_navigator.main' After rollback: playbook_artifact_replay = 'Not set' (Constants/Not set)
2026-02-28T11:00:49.843053+00:00 DEBUG 'ansible_navigator.main' After rollback: playbook_artifact_save_as = 'Not set' (Constants/Not set)
2026-02-28T11:00:49.843071+00:00 DEBUG 'ansible_navigator.main' After rollback: plugin_name = 'Not set' (Constants/Not set)
2026-02-28T11:00:49.843088+00:00 DEBUG 'ansible_navigator.main' After rollback: plugin_type = 'Not set' (Constants/Not set)
2026-02-28T11:00:49.843104+00:00 DEBUG 'ansible_navigator.main' After rollback: pull_arguments = 'Not set' (Constants/Not set)
2026-02-28T11:00:49.843120+00:00 DEBUG 'ansible_navigator.main' After rollback: pull_policy = 'Not set' (Constants/Not set)
2026-02-28T11:00:49.843137+00:00 DEBUG 'ansible_navigator.main' After rollback: set_environment_variable = 'Not set' (Constants/Not set)
2026-02-28T11:00:49.843152+00:00 DEBUG 'ansible_navigator.main' After rollback: settings_effective = 'Not set' (Constants/Not set)
2026-02-28T11:00:49.843168+00:00 DEBUG 'ansible_navigator.main' After rollback: settings_sample = 'Not set' (Constants/Not set)
2026-02-28T11:00:49.843184+00:00 DEBUG 'ansible_navigator.main' After rollback: settings_schema = 'Not set' (Constants/Not set)
2026-02-28T11:00:49.843200+00:00 DEBUG 'ansible_navigator.main' After rollback: settings_sources = 'Not set' (Constants/Not set)
2026-02-28T11:00:49.843216+00:00 DEBUG 'ansible_navigator.main' After rollback: time_zone = 'Not set' (Constants/Not set)
2026-02-28T11:00:49.843232+00:00 DEBUG 'ansible_navigator.main' After rollback: workdir = 'Not set' (Constants/Not set)
2026-02-28T11:00:49.843248+00:00 DEBUG 'ansible_navigator.main' Configuration rollback complete.
2026-02-28T11:00:49.843272+00:00 DEBUG 'ansible_navigator.main' Collection doc cache not mounted
2026-02-28T11:00:49.843303+00:00 WARNING 'ansible_navigator.main' Issues were found while applying the settings.
2026-02-28T11:00:49.843324+00:00 INFO 'ansible_navigator.main' Command provided: 'website.yml website.yml -m stdout'
2026-02-28T11:00:49.843345+00:00 ERROR 'ansible_navigator.main' argument {subcommand} --help: invalid choice: 'website.yml' (choose from builder, collections, config, doc, exec, images, inventory, lint, replay, run, settings, welcome)
2026-02-28T11:00:49.843363+00:00 INFO 'ansible_navigator.main' Configuration failed, using default log file location. (/home/ec2-user/website/ansible-navigator.log) Log level set to debug
2026-02-28T11:00:49.843381+00:00 INFO 'ansible_navigator.main' Review the hints and log file to see what went wrong.
